0 verbose cli /usr/bin/node /usr/bin/npm
1 info using npm@9.8.0
2 info using node@v20.5.1
3 timing npm:load:whichnode Completed in 9ms
4 timing config:load:defaults Completed in 8ms
5 timing config:load:file:/usr/lib/node_modules/npm/npmrc Completed in 2ms
6 timing config:load:builtin Completed in 3ms
7 timing config:load:cli Completed in 9ms
8 timing config:load:env Completed in 3ms
9 timing config:load:project Completed in 9ms
10 timing config:load:file:/home/master/.npmrc Completed in 0ms
11 timing config:load:user Completed in 0ms
12 timing config:load:file:/usr/etc/npmrc Completed in 1ms
13 timing config:load:global Completed in 1ms
14 timing config:load:setEnvs Completed in 1ms
15 timing config:load Completed in 34ms
16 timing npm:load:configload Completed in 34ms
17 timing config:load:flatten Completed in 8ms
18 timing npm:load:mkdirpcache Completed in 3ms
19 timing npm:load:mkdirplogs Completed in 1ms
20 verbose title npm install npm@latest
21 verbose argv "install" "npm@latest" "--global"
22 timing npm:load:setTitle Completed in 1ms
23 timing npm:load:display Completed in 1ms
24 verbose logfile logs-max:10 dir:/home/master/.npm/_logs/2025-11-08T10_53_17_102Z-
25 verbose logfile /home/master/.npm/_logs/2025-11-08T10_53_17_102Z-debug-0.log
26 timing npm:load:logFile Completed in 29ms
27 timing npm:load:timers Completed in 0ms
28 timing npm:load:configScope Completed in 0ms
29 timing npm:load Completed in 124ms
30 timing config:load:flatten Completed in 1ms
31 silly logfile done cleaning log files
32 http fetch GET 200 https://registry.npmjs.org/npm 248ms (cache miss)
33 timing command:install Completed in 293ms
34 verbose stack Error: Unsupported engine
34 verbose stack     at Object.checkEngine (/usr/lib/node_modules/npm/node_modules/npm-install-checks/lib/index.js:14:25)
34 verbose stack     at Install.exec (/usr/lib/node_modules/npm/lib/commands/install.js:112:16)
34 verbose stack     at async module.exports (/usr/lib/node_modules/npm/lib/cli-entry.js:61:5)
35 verbose pkgid npm@11.6.2
36 verbose cwd /home/master
37 verbose Linux 6.1.0-40-amd64
38 verbose node v20.5.1
39 verbose npm  v9.8.0
40 error code EBADENGINE
41 error engine Unsupported engine
42 error engine Not compatible with your version of node/npm: npm@11.6.2
43 error notsup Not compatible with your version of node/npm: npm@11.6.2
43 error notsup Required: {"node":"^20.17.0 || >=22.9.0"}
43 error notsup Actual:   {"npm":"9.8.0","node":"v20.5.1"}
44 verbose exit 1
45 timing npm Completed in 781ms
46 verbose code 1
47 error A complete log of this run can be found in: /home/master/.npm/_logs/2025-11-08T10_53_17_102Z-debug-0.log
