--------------------
./configure --prefix=/home/master/local
Sat Nov  8 11:06:14 UTC 2025
Checking for gcc...
=== ztest419096.c ===
extern int getchar();
int hello() {return getchar();}
===
gcc -c ztest419096.c
... using gcc

Checking for obsessive-compulsive compiler options...
=== ztest419096.c ===
int foo() { return 0; }
===
gcc -c -O3 ztest419096.c

Checking for shared library support...
=== ztest419096.c ===
extern int getchar();
int hello() {return getchar();}
===
gcc -c -O3 -fPIC ztest419096.c
gcc -shared -Wl,-soname,libz.so.1,--version-script,zlib.map -O3 -fPIC -o ztest419096.so ztest419096.o
Building shared library libz.so.1.3.1 with gcc.

=== ztest419096.c ===
#include <stdio.h>
#include <stdlib.h>
size_t dummy = 0;
===
gcc -c -O3 ztest419096.c
Checking for size_t... Yes.

=== ztest419096.c ===
#include <sys/types.h>
off64_t dummy = 0;
===
gcc -c -O3 -D_LARGEFILE64_SOURCE=1 ztest419096.c
Checking for off64_t... Yes.
Checking for fseeko... Yes.

=== ztest419096.c ===
#include <string.h>
#include <errno.h>
int main() { return strlen(strerror(errno)); }
===
gcc -O3 -D_LARGEFILE64_SOURCE=1 -o ztest419096 ztest419096.c
Checking for strerror... Yes.

=== ztest419096.c ===
#include <unistd.h>
int main() { return 0; }
===
gcc -c -O3 -D_LARGEFILE64_SOURCE=1 ztest419096.c
Checking for unistd.h... Yes.

=== ztest419096.c ===
#include <stdarg.h>
int main() { return 0; }
===
gcc -c -O3 -D_LARGEFILE64_SOURCE=1 ztest419096.c
Checking for stdarg.h... Yes.

=== ztest419096.c ===
#include <stdio.h>
#include <stdarg.h>
#include "zconf.h"
int main()
{
#ifndef STDC
  choke me
#endif
  return 0;
}
===
gcc -c -O3 -D_LARGEFILE64_SOURCE=1 ztest419096.c
Checking whether to use vs[n]printf() or s[n]printf()... using vs[n]printf().

=== ztest419096.c ===
#include <stdio.h>
#include <stdarg.h>
int mytest(const char *fmt, ...)
{
  char buf[20];
  va_list ap;
  va_start(ap, fmt);
  vsnprintf(buf, sizeof(buf), fmt, ap);
  va_end(ap);
  return 0;
}
int main()
{
  return (mytest("Hello%d\n", 1));
}
===
gcc -O3 -D_LARGEFILE64_SOURCE=1 -o ztest419096 ztest419096.c
Checking for vsnprintf() in stdio.h... Yes.

=== ztest419096.c ===
#include <stdio.h>
#include <stdarg.h>
int mytest(const char *fmt, ...)
{
  int n;
  char buf[20];
  va_list ap;
  va_start(ap, fmt);
  n = vsnprintf(buf, sizeof(buf), fmt, ap);
  va_end(ap);
  return n;
}
int main()
{
  return (mytest("Hello%d\n", 1));
}
===
gcc -c -O3 -D_LARGEFILE64_SOURCE=1 ztest419096.c
Checking for return value of vsnprintf()... Yes.

=== ztest419096.c ===
#define ZLIB_INTERNAL __attribute__((visibility ("hidden")))
int ZLIB_INTERNAL foo;
int main()
{
  return 0;
}
===
gcc -c -O3 -D_LARGEFILE64_SOURCE=1 ztest419096.c
Checking for attribute(visibility) support... Yes.

ALL = static shared all64
AR = ar
ARFLAGS = rc
CC = gcc
CFLAGS = -O3 -D_LARGEFILE64_SOURCE=1 -DHAVE_HIDDEN
CPP =
EXE =
LDCONFIG = ldconfig
LDFLAGS =
LDSHARED = gcc -shared -Wl,-soname,libz.so.1,--version-script,zlib.map
LDSHAREDLIBC = -lc
OBJC = $(OBJZ) $(OBJG)
PIC_OBJC = $(PIC_OBJZ) $(PIC_OBJG)
RANLIB = ranlib
SFLAGS = -O3 -fPIC -D_LARGEFILE64_SOURCE=1 -DHAVE_HIDDEN
SHAREDLIB = libz.so
SHAREDLIBM = libz.so.1
SHAREDLIBV = libz.so.1.3.1
STATICLIB = libz.a
TEST = all teststatic testshared test64
VER = 1.3.1
SRCDIR =
exec_prefix = ${prefix}
includedir = ${prefix}/include
libdir = ${exec_prefix}/lib
mandir = ${prefix}/share/man
prefix = /home/master/local
sharedlibdir = ${libdir}
uname = Linux
--------------------


--------------------
./configure --prefix=/home/master/python_build --with-zlib=/home/master/local
Sat Nov  8 11:07:57 UTC 2025
unknown option: --with-zlib=/home/master/local
./configure --help for help
** ./configure aborting.
--------------------


